<?xml version="1.0" encoding="UTF-8"?>
<!-- Generated by org.testng.reporters.JUnitReportReporter -->
<testsuite hostname="LAPTOP-EIBBGPPA" failures="0" tests="1" name="test.GetRect" time="10.471" errors="0" timestamp="2022-03-20T22:35:18 PDT" skipped="0">
  <testcase classname="test.GetRect" name="openNewTab" time="10.471"/>
  <system-out/>
</testsuite> <!-- test.GetRect -->
